# JRE version: OpenJDK Runtime Environment AdoptOpenJDK-11.0.11+9 (11.0.11+9) (build 11.0.11+9)
# Java VM: OpenJDK 64-Bit Server VM AdoptOpenJDK-11.0.11+9 (11.0.11+9, mixed mode, tiered, compressed oops, g1 gc, bsd-amd64)
Heap:
 garbage-first heap   total 51200K, used 50245K [0x00000007bce00000, 0x00000007c0000000)
  region size 1024K, 0 young (0K), 0 survivors (0K)
 Metaspace       used 99316K, capacity 101463K, committed 102192K, reserved 1138688K
  class space    used 11373K, capacity 12059K, committed 12160K, reserved 1048576K
GC Heap History (20 events):
Event: 91.772 GC heap before
{Heap before GC invocations=1270 (full 275):
 garbage-first heap   total 51200K, used 50245K [0x00000007bce00000, 0x00000007c0000000)
  region size 1024K, 0 young (0K), 0 survivors (0K)
 Metaspace       used 99316K, capacity 101463K, committed 102192K, reserved 1138688K
  class space    used 11373K, capacity 12059K, committed 12160K, reserved 1048576K
}
Event: 91.920 GC heap after
{Heap after GC invocations=1271 (full 276):
 garbage-first heap   total 51200K, used 50245K [0x00000007bce00000, 0x00000007c0000000)
  region size 1024K, 0 young (0K), 0 survivors (0K)
 Metaspace       used 99316K, capacity 101463K, committed 102192K, reserved 1138688K
  class space    used 11373K, capacity 12059K, committed 12160K, reserved 1048576K
}
Event: 91.921 GC heap before
{Heap before GC invocations=1271 (full 276):
 garbage-first heap   total 51200K, used 50245K [0x00000007bce00000, 0x00000007c0000000)
  region size 1024K, 0 young (0K), 0 survivors (0K)
 Metaspace       used 99316K, capacity 101463K, committed 102192K, reserved 1138688K
  class space    used 11373K, capacity 12059K, committed 12160K, reserved 1048576K
}
Event: 91.925 GC heap after
{Heap after GC invocations=1272 (full 276):
 garbage-first heap   total 51200K, used 50245K [0x00000007bce00000, 0x00000007c0000000)
  region size 1024K, 0 young (0K), 0 survivors (0K)
 Metaspace       used 99316K, capacity 101463K, committed 102192K, reserved 1138688K
  class space    used 11373K, capacity 12059K, committed 12160K, reserved 1048576K
}
Event: 91.925 GC heap before
{Heap before GC invocations=1272 (full 276):
 garbage-first heap   total 51200K, used 50245K [0x00000007bce00000, 0x00000007c0000000)
  region size 1024K, 0 young (0K), 0 survivors (0K)
 Metaspace       used 99316K, capacity 101463K, committed 102192K, reserved 1138688K
  class space    used 11373K, capacity 12059K, committed 12160K, reserved 1048576K
}
Event: 92.071 GC heap after
{Heap after GC invocations=1273 (full 277):
 garbage-first heap   total 51200K, used 50245K [0x00000007bce00000, 0x00000007c0000000)
  region size 1024K, 0 young (0K), 0 survivors (0K)
 Metaspace       used 99316K, capacity 101463K, committed 102192K, reserved 1138688K
  class space    used 11373K, capacity 12059K, committed 12160K, reserved 1048576K
}
Event: 92.071 GC heap before
{Heap before GC invocations=1273 (full 277):
 garbage-first heap   total 51200K, used 50245K [0x00000007bce00000, 0x00000007c0000000)
  region size 1024K, 0 young (0K), 0 survivors (0K)
 Metaspace       used 99316K, capacity 101463K, committed 102192K, reserved 1138688K
  class space    used 11373K, capacity 12059K, committed 12160K, reserved 1048576K
}
Event: 92.259 GC heap after
{Heap after GC invocations=1274 (full 278):
 garbage-first heap   total 51200K, used 50245K [0x00000007bce00000, 0x00000007c0000000)
  region size 1024K, 0 young (0K), 0 survivors (0K)
 Metaspace       used 99316K, capacity 101463K, committed 102192K, reserved 1138688K
  class space    used 11373K, capacity 12059K, committed 12160K, reserved 1048576K
}
Event: 92.259 GC heap before
{Heap before GC invocations=1274 (full 278):
 garbage-first heap   total 51200K, used 50245K [0x00000007bce00000, 0x00000007c0000000)
  region size 1024K, 0 young (0K), 0 survivors (0K)
 Metaspace       used 99316K, capacity 101463K, committed 102192K, reserved 1138688K
  class space    used 11373K, capacity 12059K, committed 12160K, reserved 1048576K
}
Event: 92.265 GC heap after
{Heap after GC invocations=1275 (full 278):
 garbage-first heap   total 51200K, used 50245K [0x00000007bce00000, 0x00000007c0000000)
  region size 1024K, 0 young (0K), 0 survivors (0K)
 Metaspace       used 99316K, capacity 101463K, committed 102192K, reserved 1138688K
  class space    used 11373K, capacity 12059K, committed 12160K, reserved 1048576K
}
Event: 92.265 GC heap before
{Heap before GC invocations=1275 (full 278):
 garbage-first heap   total 51200K, used 50245K [0x00000007bce00000, 0x00000007c0000000)
  region size 1024K, 0 young (0K), 0 survivors (0K)
 Metaspace       used 99316K, capacity 101463K, committed 102192K, reserved 1138688K
  class space    used 11373K, capacity 12059K, committed 12160K, reserved 1048576K
}
Event: 92.381 GC heap after
{Heap after GC invocations=1276 (full 279):
 garbage-first heap   total 51200K, used 50245K [0x00000007bce00000, 0x00000007c0000000)
  region size 1024K, 0 young (0K), 0 survivors (0K)
 Metaspace       used 99316K, capacity 101463K, committed 102192K, reserved 1138688K
  class space    used 11373K, capacity 12059K, committed 12160K, reserved 1048576K
}
Event: 92.381 GC heap before
{Heap before GC invocations=1276 (full 279):
 garbage-first heap   total 51200K, used 50245K [0x00000007bce00000, 0x00000007c0000000)
  region size 1024K, 0 young (0K), 0 survivors (0K)
 Metaspace       used 99316K, capacity 101463K, committed 102192K, reserved 1138688K
  class space    used 11373K, capacity 12059K, committed 12160K, reserved 1048576K
}
Event: 92.537 GC heap after
{Heap after GC invocations=1277 (full 280):
 garbage-first heap   total 51200K, used 50245K [0x00000007bce00000, 0x00000007c0000000)
  region size 1024K, 0 young (0K), 0 survivors (0K)
 Metaspace       used 99316K, capacity 101463K, committed 102192K, reserved 1138688K
  class space    used 11373K, capacity 12059K, committed 12160K, reserved 1048576K
}
Event: 92.537 GC heap before
{Heap before GC invocations=1277 (full 280):
 garbage-first heap   total 51200K, used 50245K [0x00000007bce00000, 0x00000007c0000000)
  region size 1024K, 0 young (0K), 0 survivors (0K)
 Metaspace       used 99316K, capacity 101463K, committed 102192K, reserved 1138688K
  class space    used 11373K, capacity 12059K, committed 12160K, reserved 1048576K
}
Event: 92.543 GC heap after
{Heap after GC invocations=1278 (full 280):
 garbage-first heap   total 51200K, used 50245K [0x00000007bce00000, 0x00000007c0000000)
  region size 1024K, 0 young (0K), 0 survivors (0K)
 Metaspace       used 99316K, capacity 101463K, committed 102192K, reserved 1138688K
  class space    used 11373K, capacity 12059K, committed 12160K, reserved 1048576K
}
Event: 92.543 GC heap before
{Heap before GC invocations=1278 (full 280):
 garbage-first heap   total 51200K, used 50245K [0x00000007bce00000, 0x00000007c0000000)
  region size 1024K, 0 young (0K), 0 survivors (0K)
 Metaspace       used 99316K, capacity 101463K, committed 102192K, reserved 1138688K
  class space    used 11373K, capacity 12059K, committed 12160K, reserved 1048576K
}
Event: 92.703 GC heap after
{Heap after GC invocations=1279 (full 281):
 garbage-first heap   total 51200K, used 50245K [0x00000007bce00000, 0x00000007c0000000)
  region size 1024K, 0 young (0K), 0 survivors (0K)
 Metaspace       used 99316K, capacity 101463K, committed 102192K, reserved 1138688K
  class space    used 11373K, capacity 12059K, committed 12160K, reserved 1048576K
}
Event: 92.703 GC heap before
{Heap before GC invocations=1279 (full 281):
 garbage-first heap   total 51200K, used 50245K [0x00000007bce00000, 0x00000007c0000000)
  region size 1024K, 0 young (0K), 0 survivors (0K)
 Metaspace       used 99316K, capacity 101463K, committed 102192K, reserved 1138688K
  class space    used 11373K, capacity 12059K, committed 12160K, reserved 1048576K
}
Event: 92.826 GC heap after
{Heap after GC invocations=1280 (full 282):
 garbage-first heap   total 51200K, used 50245K [0x00000007bce00000, 0x00000007c0000000)
  region size 1024K, 0 young (0K), 0 survivors (0K)
 Metaspace       used 99316K, capacity 101463K, committed 102192K, reserved 1138688K
  class space    used 11373K, capacity 12059K, committed 12160K, reserved 1048576K
}

