# JRE version: OpenJDK Runtime Environment AdoptOpenJDK-11.0.11+9 (11.0.11+9) (build 11.0.11+9)
# Java VM: OpenJDK 64-Bit Server VM AdoptOpenJDK-11.0.11+9 (11.0.11+9, mixed mode, tiered, compressed oops, g1 gc, bsd-amd64)
Heap:
 garbage-first heap   total 51200K, used 50449K [0x00000007bce00000, 0x00000007c0000000)
  region size 1024K, 0 young (0K), 0 survivors (0K)
 Metaspace       used 102437K, capacity 104511K, committed 105296K, reserved 1142784K
  class space    used 11980K, capacity 12630K, committed 12704K, reserved 1048576K
GC Heap History (20 events):
Event: 79.362 GC heap before
{Heap before GC invocations=2140 (full 278):
 garbage-first heap   total 51200K, used 50449K [0x00000007bce00000, 0x00000007c0000000)
  region size 1024K, 0 young (0K), 0 survivors (0K)
 Metaspace       used 102437K, capacity 104511K, committed 105296K, reserved 1142784K
  class space    used 11980K, capacity 12630K, committed 12704K, reserved 1048576K
}
Event: 79.497 GC heap after
{Heap after GC invocations=2141 (full 279):
 garbage-first heap   total 51200K, used 50449K [0x00000007bce00000, 0x00000007c0000000)
  region size 1024K, 0 young (0K), 0 survivors (0K)
 Metaspace       used 102437K, capacity 104511K, committed 105296K, reserved 1142784K
  class space    used 11980K, capacity 12630K, committed 12704K, reserved 1048576K
}
Event: 79.497 GC heap before
{Heap before GC invocations=2141 (full 279):
 garbage-first heap   total 51200K, used 50449K [0x00000007bce00000, 0x00000007c0000000)
  region size 1024K, 0 young (0K), 0 survivors (0K)
 Metaspace       used 102437K, capacity 104511K, committed 105296K, reserved 1142784K
  class space    used 11980K, capacity 12630K, committed 12704K, reserved 1048576K
}
Event: 79.501 GC heap after
{Heap after GC invocations=2142 (full 279):
 garbage-first heap   total 51200K, used 50449K [0x00000007bce00000, 0x00000007c0000000)
  region size 1024K, 0 young (0K), 0 survivors (0K)
 Metaspace       used 102437K, capacity 104511K, committed 105296K, reserved 1142784K
  class space    used 11980K, capacity 12630K, committed 12704K, reserved 1048576K
}
Event: 79.501 GC heap before
{Heap before GC invocations=2142 (full 279):
 garbage-first heap   total 51200K, used 50449K [0x00000007bce00000, 0x00000007c0000000)
  region size 1024K, 0 young (0K), 0 survivors (0K)
 Metaspace       used 102437K, capacity 104511K, committed 105296K, reserved 1142784K
  class space    used 11980K, capacity 12630K, committed 12704K, reserved 1048576K
}
Event: 79.615 GC heap after
{Heap after GC invocations=2143 (full 280):
 garbage-first heap   total 51200K, used 50449K [0x00000007bce00000, 0x00000007c0000000)
  region size 1024K, 0 young (0K), 0 survivors (0K)
 Metaspace       used 102437K, capacity 104511K, committed 105296K, reserved 1142784K
  class space    used 11980K, capacity 12630K, committed 12704K, reserved 1048576K
}
Event: 79.615 GC heap before
{Heap before GC invocations=2143 (full 280):
 garbage-first heap   total 51200K, used 50449K [0x00000007bce00000, 0x00000007c0000000)
  region size 1024K, 0 young (0K), 0 survivors (0K)
 Metaspace       used 102437K, capacity 104511K, committed 105296K, reserved 1142784K
  class space    used 11980K, capacity 12630K, committed 12704K, reserved 1048576K
}
Event: 79.742 GC heap after
{Heap after GC invocations=2144 (full 281):
 garbage-first heap   total 51200K, used 50449K [0x00000007bce00000, 0x00000007c0000000)
  region size 1024K, 0 young (0K), 0 survivors (0K)
 Metaspace       used 102437K, capacity 104511K, committed 105296K, reserved 1142784K
  class space    used 11980K, capacity 12630K, committed 12704K, reserved 1048576K
}
Event: 79.742 GC heap before
{Heap before GC invocations=2144 (full 281):
 garbage-first heap   total 51200K, used 50449K [0x00000007bce00000, 0x00000007c0000000)
  region size 1024K, 0 young (0K), 0 survivors (0K)
 Metaspace       used 102437K, capacity 104511K, committed 105296K, reserved 1142784K
  class space    used 11980K, capacity 12630K, committed 12704K, reserved 1048576K
}
Event: 79.745 GC heap after
{Heap after GC invocations=2145 (full 281):
 garbage-first heap   total 51200K, used 50449K [0x00000007bce00000, 0x00000007c0000000)
  region size 1024K, 0 young (0K), 0 survivors (0K)
 Metaspace       used 102437K, capacity 104511K, committed 105296K, reserved 1142784K
  class space    used 11980K, capacity 12630K, committed 12704K, reserved 1048576K
}
Event: 79.745 GC heap before
{Heap before GC invocations=2145 (full 281):
 garbage-first heap   total 51200K, used 50449K [0x00000007bce00000, 0x00000007c0000000)
  region size 1024K, 0 young (0K), 0 survivors (0K)
 Metaspace       used 102437K, capacity 104511K, committed 105296K, reserved 1142784K
  class space    used 11980K, capacity 12630K, committed 12704K, reserved 1048576K
}
Event: 79.844 GC heap after
{Heap after GC invocations=2146 (full 282):
 garbage-first heap   total 51200K, used 50449K [0x00000007bce00000, 0x00000007c0000000)
  region size 1024K, 0 young (0K), 0 survivors (0K)
 Metaspace       used 102437K, capacity 104511K, committed 105296K, reserved 1142784K
  class space    used 11980K, capacity 12630K, committed 12704K, reserved 1048576K
}
Event: 79.844 GC heap before
{Heap before GC invocations=2146 (full 282):
 garbage-first heap   total 51200K, used 50449K [0x00000007bce00000, 0x00000007c0000000)
  region size 1024K, 0 young (0K), 0 survivors (0K)
 Metaspace       used 102437K, capacity 104511K, committed 105296K, reserved 1142784K
  class space    used 11980K, capacity 12630K, committed 12704K, reserved 1048576K
}
Event: 80.001 GC heap after
{Heap after GC invocations=2147 (full 283):
 garbage-first heap   total 51200K, used 50449K [0x00000007bce00000, 0x00000007c0000000)
  region size 1024K, 0 young (0K), 0 survivors (0K)
 Metaspace       used 102437K, capacity 104511K, committed 105296K, reserved 1142784K
  class space    used 11980K, capacity 12630K, committed 12704K, reserved 1048576K
}
Event: 80.001 GC heap before
{Heap before GC invocations=2147 (full 283):
 garbage-first heap   total 51200K, used 50449K [0x00000007bce00000, 0x00000007c0000000)
  region size 1024K, 0 young (0K), 0 survivors (0K)
 Metaspace       used 102437K, capacity 104511K, committed 105296K, reserved 1142784K
  class space    used 11980K, capacity 12630K, committed 12704K, reserved 1048576K
}
Event: 80.004 GC heap after
{Heap after GC invocations=2148 (full 283):
 garbage-first heap   total 51200K, used 50449K [0x00000007bce00000, 0x00000007c0000000)
  region size 1024K, 0 young (0K), 0 survivors (0K)
 Metaspace       used 102437K, capacity 104511K, committed 105296K, reserved 1142784K
  class space    used 11980K, capacity 12630K, committed 12704K, reserved 1048576K
}
Event: 80.004 GC heap before
{Heap before GC invocations=2148 (full 283):
 garbage-first heap   total 51200K, used 50449K [0x00000007bce00000, 0x00000007c0000000)
  region size 1024K, 0 young (0K), 0 survivors (0K)
 Metaspace       used 102437K, capacity 104511K, committed 105296K, reserved 1142784K
  class space    used 11980K, capacity 12630K, committed 12704K, reserved 1048576K
}
Event: 80.216 GC heap after
{Heap after GC invocations=2149 (full 284):
 garbage-first heap   total 51200K, used 50449K [0x00000007bce00000, 0x00000007c0000000)
  region size 1024K, 0 young (0K), 0 survivors (0K)
 Metaspace       used 102437K, capacity 104511K, committed 105296K, reserved 1142784K
  class space    used 11980K, capacity 12630K, committed 12704K, reserved 1048576K
}
Event: 80.216 GC heap before
{Heap before GC invocations=2149 (full 284):
 garbage-first heap   total 51200K, used 50449K [0x00000007bce00000, 0x00000007c0000000)
  region size 1024K, 0 young (0K), 0 survivors (0K)
 Metaspace       used 102437K, capacity 104511K, committed 105296K, reserved 1142784K
  class space    used 11980K, capacity 12630K, committed 12704K, reserved 1048576K
}
Event: 80.404 GC heap after
{Heap after GC invocations=2150 (full 285):
 garbage-first heap   total 51200K, used 50449K [0x00000007bce00000, 0x00000007c0000000)
  region size 1024K, 0 young (0K), 0 survivors (0K)
 Metaspace       used 102437K, capacity 104511K, committed 105296K, reserved 1142784K
  class space    used 11980K, capacity 12630K, committed 12704K, reserved 1048576K
}

